0 info it worked if it ends with ok
1 verbose cli [ '/Users/haohuang/.nvm/versions/node/v6.2.2/bin/node',
1 verbose cli   '/Users/haohuang/.nvm/versions/node/v6.2.2/bin/npm',
1 verbose cli   'run',
1 verbose cli   'build' ]
2 info using npm@3.10.8
3 info using node@v6.2.2
4 verbose run-script [ 'prebuild', 'build', 'postbuild' ]
5 info lifecycle haohblog@0.0.1~prebuild: haohblog@0.0.1
6 silly lifecycle haohblog@0.0.1~prebuild: no script for prebuild, continuing
7 info lifecycle haohblog@0.0.1~build: haohblog@0.0.1
8 verbose lifecycle haohblog@0.0.1~build: unsafe-perm in lifecycle true
9 verbose lifecycle haohblog@0.0.1~build: PATH: /Users/haohuang/.nvm/versions/node/v6.2.2/lib/node_modules/npm/bin/node-gyp-bin:/Users/haohuang/Documents/play/mingxiepiano/blog/node_modules/.bin:/Users/haohuang/.rbenv/shims:/usr/local/opt/coreutils/libexec/gnubin:/opt/chefdk/bin:/Users/haohuang/.chefdk/gem/ruby/2.1.0/bin:/opt/chefdk/embedded/bin:/Users/haohuang/.nvm/versions/node/v6.2.2/bin:/bin:/sbin:/usr/bin:/usr/local/sbin:/usr/local/bin:/usr/local/bin:/usr/bin:/bin:/usr/sbin:/sbin
10 verbose lifecycle haohblog@0.0.1~build: CWD: /Users/haohuang/Documents/play/mingxiepiano/blog
11 silly lifecycle haohblog@0.0.1~build: Args: [ '-c',
11 silly lifecycle   'npm install && ./node_modules/.bin/gatsby build && gh-pages -d public -b master' ]
12 silly lifecycle haohblog@0.0.1~build: Returned: code: 1  signal: null
13 info lifecycle haohblog@0.0.1~build: Failed to exec build script
14 verbose stack Error: haohblog@0.0.1 build: `npm install && ./node_modules/.bin/gatsby build && gh-pages -d public -b master`
14 verbose stack Exit status 1
14 verbose stack     at EventEmitter.<anonymous> (/Users/haohuang/.nvm/versions/node/v6.2.2/lib/node_modules/npm/lib/utils/lifecycle.js:255:16)
14 verbose stack     at emitTwo (events.js:106:13)
14 verbose stack     at EventEmitter.emit (events.js:191:7)
14 verbose stack     at ChildProcess.<anonymous> (/Users/haohuang/.nvm/versions/node/v6.2.2/lib/node_modules/npm/lib/utils/spawn.js:40:14)
14 verbose stack     at emitTwo (events.js:106:13)
14 verbose stack     at ChildProcess.emit (events.js:191:7)
14 verbose stack     at maybeClose (internal/child_process.js:852:16)
14 verbose stack     at Process.ChildProcess._handle.onexit (internal/child_process.js:215:5)
15 verbose pkgid haohblog@0.0.1
16 verbose cwd /Users/haohuang/Documents/play/mingxiepiano/blog
17 error Darwin 15.6.0
18 error argv "/Users/haohuang/.nvm/versions/node/v6.2.2/bin/node" "/Users/haohuang/.nvm/versions/node/v6.2.2/bin/npm" "run" "build"
19 error node v6.2.2
20 error npm  v3.10.8
21 error code ELIFECYCLE
22 error haohblog@0.0.1 build: `npm install && ./node_modules/.bin/gatsby build && gh-pages -d public -b master`
22 error Exit status 1
23 error Failed at the haohblog@0.0.1 build script 'npm install && ./node_modules/.bin/gatsby build && gh-pages -d public -b master'.
23 error Make sure you have the latest version of node.js and npm installed.
23 error If you do, this is most likely a problem with the haohblog package,
23 error not with npm itself.
23 error Tell the author that this fails on your system:
23 error     npm install && ./node_modules/.bin/gatsby build && gh-pages -d public -b master
23 error You can get information on how to open an issue for this project with:
23 error     npm bugs haohblog
23 error Or if that isn't available, you can get their info via:
23 error     npm owner ls haohblog
23 error There is likely additional logging output above.
24 verbose exit [ 1, true ]
